company_id,year,return_on_equity_pct,return_on_capital_employed_pct,roe_percentage,roce_percentage,roe_difference,roce_difference,category
ABB,Dec 2012,22.41,31.22,34.9,46.0,12.489999999999998,14.780000000000001,Formula Discrepancy
ABB,Mar 2014,25.13,33.88,34.9,46.0,9.77,12.119999999999997,Formula Discrepancy
ABB,Mar 2015,24.44,33.3,34.9,46.0,10.459999999999997,12.700000000000003,Formula Discrepancy
ABB,Mar 2016,21.34,30.54,34.9,46.0,13.559999999999999,15.46,Formula Discrepancy
ABB,Mar 2017,19.97,28.7,34.9,46.0,14.93,17.3,Formula Discrepancy
ABB,Mar 2018,23.69,31.01,34.9,46.0,11.209999999999997,14.989999999999998,Formula Discrepancy
ABB,Mar 2019,22.41,30.13,34.9,46.0,12.489999999999998,15.870000000000001,Formula Discrepancy
ABB,Mar 2020,24.39,29.05,34.9,46.0,10.509999999999998,16.95,Formula Discrepancy
ABB,Mar 2021,26.56,33.47,34.9,46.0,8.34,12.530000000000001,Formula Discrepancy
ABB,Mar 2022,28.33,36.41,34.9,46.0,6.57,9.590000000000003,Formula Discrepancy
ABB,Mar 2023,29.77,36.53,34.9,46.0,5.129999999999999,9.469999999999999,Formula Discrepancy
ABB,Mar 2024,32.47,38.42,34.9,46.0,2.4299999999999997,7.579999999999998,Version Difference
ADANIENSOL,Mar 2014,0.0,0.0,8.59,9.0,8.59,9.0,Formula Discrepancy
ADANIENSOL,Mar 2015,-0.65,0.94,8.59,9.0,9.24,8.06,Formula Discrepancy
ADANIENSOL,Mar 2016,13.77,17.12,8.59,9.0,5.18,8.120000000000001,Formula Discrepancy
ADANIENSOL,Mar 2017,14.12,16.63,8.59,9.0,5.529999999999999,7.629999999999999,Formula Discrepancy
ADANIENSOL,Mar 2018,18.87,17.14,8.59,9.0,10.280000000000001,8.14,Formula Discrepancy
ADANIENSOL,Mar 2021,14.46,10.97,8.59,9.0,5.870000000000001,1.9700000000000006,Version Difference
ADANIENT,Mar 2013,5.69,6.64,13.64,11.6,7.95,4.96,Version Difference
ADANIENT,Mar 2016,7.47,5.17,13.64,11.6,6.170000000000001,6.43,Formula Discrepancy
ADANIENT,Mar 2017,6.54,5.44,13.64,11.6,7.1000000000000005,6.159999999999999,Formula Discrepancy
ADANIENT,Mar 2018,3.94,6.23,13.64,11.6,9.700000000000001,5.369999999999999,Formula Discrepancy
ADANIENT,Mar 2019,3.43,7.57,13.64,11.6,10.21,4.029999999999999,Version Difference
ADANIENT,Mar 2020,6.14,7.81,13.64,11.6,7.500000000000001,3.79,Version Difference
ADANIENT,Mar 2021,6.1,7.51,13.64,11.6,7.540000000000001,4.09,Version Difference
ADANIENT,Mar 2022,3.54,5.82,13.64,11.6,10.100000000000001,5.779999999999999,Formula Discrepancy
ADANIENT,Mar 2023,7.33,10.22,13.64,11.6,6.3100000000000005,1.379999999999999,Version Difference
ADANIENT,Mar 2024,8.53,10.9,13.64,11.6,5.110000000000001,0.6999999999999993,Version Difference
ADANIGREEN,Mar 2017,-3.91,7.26,14.7,96.5,18.61,89.24,Data Source Issue
ADANIGREEN,Mar 2018,-10.29,7.52,14.7,96.5,24.99,88.98,Data Source Issue
ADANIGREEN,Mar 2019,-24.57,11.67,14.7,96.5,39.269999999999996,84.83,Data Source Issue
ADANIGREEN,Mar 2020,-2.89,8.42,14.7,96.5,17.59,88.08,Data Source Issue
ADANIGREEN,Mar 2021,8.27,8.49,14.7,96.5,6.43,88.01,Data Source Issue
ADANIGREEN,Mar 2022,18.71,6.33,14.7,96.5,4.010000000000002,90.17,Data Source Issue
ADANIGREEN,Mar 2023,13.32,8.08,14.7,96.5,1.379999999999999,88.42,Data Source Issue
ADANIGREEN,Mar 2024,12.81,9.8,14.7,96.5,1.8899999999999988,86.7,Data Source Issue
ADANIPORTS,Mar 2013,25.63,13.22,18.1,12.9,7.529999999999998,0.3200000000000003,Version Difference
ADANIPORTS,Mar 2022,11.84,10.62,18.1,12.9,6.260000000000002,2.280000000000001,Version Difference
ADANIPORTS,Mar 2023,11.88,11.08,18.1,12.9,6.220000000000001,1.8200000000000003,Version Difference
ADANIPOWER,Mar 2013,-53.46,2.08,57.1,32.2,110.56,30.120000000000005,Data Source Issue
ADANIPOWER,Mar 2014,-4.45,9.06,57.1,32.2,61.550000000000004,23.14,Data Source Issue
ADANIPOWER,Mar 2015,-14.25,9.27,57.1,32.2,71.35,22.930000000000003,Data Source Issue
ADANIPOWER,Mar 2016,7.38,14.62,57.1,32.2,49.72,17.580000000000005,Data Source Issue
ADANIPOWER,Mar 2017,-205.8,10.78,57.1,32.2,262.90000000000003,21.42,Data Source Issue
ADANIPOWER,Mar 2018,-236.56,10.12,57.1,32.2,293.66,22.080000000000005,Data Source Issue
ADANIPOWER,Mar 2019,-12.76,9.11,57.1,32.2,69.86,23.090000000000003,Data Source Issue
ADANIPOWER,Mar 2020,-35.1,9.3,57.1,32.2,92.2,22.900000000000002,Data Source Issue
ADANIPOWER,Mar 2021,9.69,13.24,57.1,32.2,47.410000000000004,18.96,Data Source Issue
ADANIPOWER,Mar 2022,26.61,14.62,57.1,32.2,30.490000000000002,17.580000000000005,Data Source Issue
ADANIPOWER,Mar 2023,35.91,13.98,57.1,32.2,21.190000000000005,18.220000000000002,Data Source Issue
ADANIPOWER,Mar 2024,48.28,23.44,57.1,32.2,8.82,8.760000000000002,Formula Discrepancy
AMBUJACEM,Dec 2012,14.69,27.92,9.24,12.8,5.449999999999999,15.120000000000001,Formula Discrepancy
AMBUJACEM,Dec 2014,14.77,19.14,9.24,12.8,5.529999999999999,6.34,Formula Discrepancy
AMBUJACEM,Dec 2017,9.41,18.64,9.24,12.8,0.16999999999999993,5.84,Version Difference
AMBUJACEM,Dec 2018,13.29,17.9,9.24,12.8,4.049999999999999,5.099999999999998,Version Difference
AMBUJACEM,Dec 2019,11.56,19.06,9.24,12.8,2.3200000000000003,6.259999999999998,Version Difference
AMBUJACEM,Dec 2020,13.65,21.55,9.24,12.8,4.41,8.75,Version Difference
AMBUJACEM,Dec 2021,14.64,24.04,9.24,12.8,5.4,11.239999999999998,Formula Discrepancy
APOLLOHOSP,Mar 2016,7.05,11.09,13.81,17.2,6.760000000000001,6.109999999999999,Formula Discrepancy
APOLLOHOSP,Mar 2017,3.95,11.4,13.81,17.2,9.86,5.799999999999999,Formula Discrepancy
APOLLOHOSP,Mar 2018,1.85,11.99,13.81,17.2,11.96,5.209999999999999,Formula Discrepancy
APOLLOHOSP,Mar 2019,6.0,15.27,13.81,17.2,7.8100000000000005,1.9299999999999997,Version Difference
APOLLOHOSP,Mar 2020,12.93,22.94,13.81,17.2,0.8800000000000008,5.740000000000002,Version Difference
APOLLOHOSP,Mar 2021,2.98,13.01,13.81,17.2,10.83,4.1899999999999995,Version Difference
APOLLOHOSP,Mar 2022,19.7,22.59,13.81,17.2,5.889999999999999,5.390000000000001,Formula Discrepancy
ASIANPAINT,Mar 2013,34.28,47.79,31.45,41.75,2.830000000000002,6.039999999999999,Version Difference
ASIANPAINT,Mar 2017,26.51,36.67,31.45,41.75,4.939999999999998,5.079999999999998,Version Difference
ASIANPAINT,Mar 2018,24.95,35.83,31.45,41.75,6.5,5.920000000000002,Formula Discrepancy
ASIANPAINT,Mar 2019,23.31,34.89,31.45,41.75,8.14,6.859999999999999,Formula Discrepancy
ASIANPAINT,Mar 2021,25.04,34.94,31.45,41.75,6.41,6.810000000000002,Formula Discrepancy
ASIANPAINT,Mar 2022,22.34,31.2,31.45,41.75,9.11,10.55,Formula Discrepancy
ASIANPAINT,Mar 2023,26.23,34.92,31.45,41.75,5.219999999999999,6.829999999999998,Formula Discrepancy
ASIANPAINT,Mar 2024,29.68,35.77,31.45,41.75,1.7699999999999996,5.979999999999997,Version Difference
BAJAJ-AUTO,Mar 2013,38.85,44.69,26.5,33.5,12.350000000000001,11.189999999999998,Formula Discrepancy
BAJAJ-AUTO,Mar 2014,33.24,40.71,26.5,33.5,6.740000000000002,7.210000000000001,Formula Discrepancy
BAJAJ-AUTO,Mar 2017,22.84,24.64,26.5,33.5,3.66,8.86,Version Difference
BAJAJ-AUTO,Mar 2018,20.66,23.59,26.5,33.5,5.84,9.91,Formula Discrepancy
BAJAJ-AUTO,Mar 2019,21.21,22.25,26.5,33.5,5.289999999999999,11.25,Formula Discrepancy
BAJAJ-AUTO,Mar 2020,24.06,23.45,26.5,33.5,2.4400000000000013,10.05,Version Difference
BAJAJ-AUTO,Mar 2021,17.81,18.03,26.5,33.5,8.690000000000001,15.469999999999999,Formula Discrepancy
BAJAJ-AUTO,Mar 2022,20.65,17.54,26.5,33.5,5.850000000000001,15.96,Formula Discrepancy
BAJAJ-AUTO,Mar 2023,20.64,21.93,26.5,33.5,5.859999999999999,11.57,Formula Discrepancy
BAJAJ-AUTO,Mar 2024,26.61,28.39,26.5,33.5,0.10999999999999943,5.109999999999999,Version Difference
AXISBANK,Mar 2017,6.53,4.08,18.4,7.06,11.869999999999997,2.9799999999999995,Version Difference
AXISBANK,Mar 2018,0.43,4.28,18.4,7.06,17.97,2.7799999999999994,Version Difference
AXISBANK,Mar 2019,6.9,3.48,18.4,7.06,11.499999999999998,3.5799999999999996,Version Difference
AXISBANK,Mar 2020,1.88,3.97,18.4,7.06,16.52,3.0899999999999994,Version Difference
AXISBANK,Mar 2021,6.36,3.33,18.4,7.06,12.04,3.7299999999999995,Version Difference
AXISBANK,Mar 2022,11.01,2.63,18.4,7.06,7.389999999999999,4.43,Version Difference
AXISBANK,Mar 2023,7.38,2.27,18.4,7.06,11.02,4.789999999999999,Version Difference
BAJAJFINSV,Mar 2013,28.38,18.91,11.72,21.14,16.659999999999997,2.2300000000000004,Version Difference
BAJAJFINSV,Mar 2014,23.53,15.58,11.72,21.14,11.81,5.5600000000000005,Formula Discrepancy
BAJAJFINSV,Mar 2015,21.72,14.73,11.72,21.14,9.999999999999998,6.41,Formula Discrepancy
BAJAJFINSV,Mar 2016,20.41,13.57,11.72,21.14,8.69,7.57,Formula Discrepancy
BAJAJFINSV,Mar 2017,21.36,13.52,11.72,21.14,9.639999999999999,7.620000000000001,Formula Discrepancy
BAJAJFINSV,Mar 2018,20.39,12.52,11.72,21.14,8.67,8.620000000000001,Formula Discrepancy
BAJAJFINSV,Mar 2019,22.64,12.18,11.72,21.14,10.92,8.96,Formula Discrepancy
BAJAJFINSV,Mar 2020,19.15,11.52,11.72,21.14,7.429999999999998,9.620000000000001,Formula Discrepancy
BAJAJFINSV,Mar 2021,20.56,11.96,11.72,21.14,8.839999999999998,9.18,Formula Discrepancy
BAJAJFINSV,Mar 2022,20.66,10.65,11.72,21.14,8.94,10.49,Formula Discrepancy
BAJAJFINSV,Mar 2023,26.31,11.55,11.72,21.14,14.589999999999998,9.59,Formula Discrepancy
BAJAJFINSV,Mar 2024,25.85,11.71,11.72,21.14,14.13,9.43,Formula Discrepancy
BAJAJHLDNG,Mar 2013,17.94,3.11,14.8,13.1,3.1400000000000006,9.99,Version Difference
BAJAJHLDNG,Mar 2014,16.57,3.33,14.8,13.1,1.7699999999999996,9.77,Version Difference
BAJAJHLDNG,Mar 2015,15.15,3.61,14.8,13.1,0.34999999999999964,9.49,Version Difference
BAJAJHLDNG,Mar 2016,14.81,2.81,14.8,13.1,0.009999999999999787,10.29,Version Difference
BAJAJHLDNG,Mar 2017,13.88,3.52,14.8,13.1,0.9199999999999999,9.58,Version Difference
BAJAJHLDNG,Mar 2018,10.54,1.41,14.8,13.1,4.260000000000002,11.69,Version Difference
BAJAJHLDNG,Mar 2019,11.31,1.29,14.8,13.1,3.49,11.809999999999999,Version Difference
BAJAJHLDNG,Mar 2020,11.09,1.08,14.8,13.1,3.710000000000001,12.02,Version Difference
BAJAJHLDNG,Mar 2021,9.83,0.94,14.8,13.1,4.970000000000001,12.16,Version Difference
BAJAJHLDNG,Mar 2022,9.63,0.85,14.8,13.1,5.17,12.25,Formula Discrepancy
BAJAJHLDNG,Mar 2023,11.19,0.86,14.8,13.1,3.610000000000001,12.24,Version Difference
BAJAJHLDNG,Mar 2024,13.58,2.88,14.8,13.1,1.2200000000000006,10.219999999999999,Version Difference
BAJFINANCE,Mar 2015,18.71,5.57,22.1,11.9,3.3900000000000006,6.33,Version Difference
BAJFINANCE,Mar 2016,17.22,5.3,22.1,11.9,4.880000000000003,6.6000000000000005,Version Difference
BAJFINANCE,Mar 2017,19.12,5.52,22.1,11.9,2.9800000000000004,6.380000000000001,Version Difference
BAJFINANCE,Mar 2018,15.75,4.99,22.1,11.9,6.350000000000001,6.91,Formula Discrepancy
BAJFINANCE,Mar 2019,20.28,4.5,22.1,11.9,1.8200000000000003,7.4,Version Difference
BAJFINANCE,Mar 2020,16.28,5.65,22.1,11.9,5.82,6.25,Formula Discrepancy
BAJFINANCE,Mar 2021,11.97,6.43,22.1,11.9,10.13,5.470000000000001,Formula Discrepancy
BAJFINANCE,Mar 2022,16.08,5.69,22.1,11.9,6.020000000000003,6.21,Formula Discrepancy
BAJFINANCE,Mar 2023,21.17,4.68,22.1,11.9,0.9299999999999997,7.220000000000001,Version Difference
BAJFINANCE,Mar 2024,18.84,4.35,22.1,11.9,3.2600000000000016,7.550000000000001,Version Difference
BANKBARODA,Mar 2015,9.4,1.9,16.7,6.33,7.299999999999999,4.43,Version Difference
BANKBARODA,Mar 2016,-11.84,3.83,16.7,6.33,28.54,2.5,Data Source Issue
BANKBARODA,Mar 2017,4.31,2.78,16.7,6.33,12.39,3.5500000000000003,Version Difference
BANKBARODA,Mar 2018,-3.94,3.63,16.7,6.33,20.64,2.7,Data Source Issue
BANKBARODA,Mar 2019,2.12,3.27,16.7,6.33,14.579999999999998,3.06,Version Difference
BANKBARODA,Mar 2020,1.29,3.54,16.7,6.33,15.41,2.79,Version Difference
BANKBARODA,Mar 2021,1.97,3.31,16.7,6.33,14.729999999999999,3.02,Version Difference
BANKBARODA,Mar 2022,8.64,2.94,16.7,6.33,8.059999999999999,3.39,Version Difference
BHARTIARTL,Mar 2013,4.5,19.61,14.9,13.1,10.4,6.51,Formula Discrepancy
BHARTIARTL,Mar 2014,5.05,19.54,14.9,13.1,9.850000000000001,6.4399999999999995,Formula Discrepancy
BHARTIARTL,Mar 2015,12.69,27.28,14.9,13.1,2.210000000000001,14.180000000000001,Version Difference
BHARTIARTL,Mar 2016,10.32,20.3,14.9,13.1,4.58,7.200000000000001,Version Difference
BHARTIARTL,Mar 2017,6.29,20.22,14.9,13.1,8.61,7.119999999999999,Formula Discrepancy
BHARTIARTL,Mar 2018,3.14,16.63,14.9,13.1,11.76,3.5299999999999994,Version Difference
BHARTIARTL,Mar 2019,2.36,13.09,14.9,13.1,12.540000000000001,0.009999999999999787,Version Difference
BHARTIARTL,Mar 2020,-39.75,16.24,14.9,13.1,54.65,3.139999999999999,Data Source Issue
BHARTIARTL,Mar 2021,-20.97,20.42,14.9,13.1,35.87,7.320000000000002,Data Source Issue
BHARTIARTL,Mar 2022,12.48,24.35,14.9,13.1,2.42,11.250000000000002,Version Difference
BHARTIARTL,Mar 2023,15.84,23.48,14.9,13.1,0.9399999999999995,10.38,Version Difference
BHARTIARTL,Mar 2024,10.36,26.25,14.9,13.1,4.540000000000001,13.15,Version Difference
BEL,Mar 2013,15183.33,2230.0,26.3,34.6,15157.03,2195.4,Data Source Issue
BEL,Mar 2014,13600.0,3303.57,26.3,34.6,13573.7,3268.9700000000003,Data Source Issue
BEL,Mar 2015,17100.0,3572.73,26.3,34.6,17073.7,3538.13,Data Source Issue
BEL,Mar 2016,11141.67,3764.86,26.3,34.6,11115.37,3730.26,Data Source Issue
BEL,Mar 2017,10153.33,4072.73,26.3,34.6,10127.03,4038.13,Data Source Issue
BEL,Mar 2018,4616.13,2581.01,26.3,34.6,4589.83,2546.4100000000003,Data Source Issue
BEL,Mar 2019,3851.02,3030.21,26.3,34.6,3824.72,2995.61,Data Source Issue
BEL,Mar 2020,3318.18,2786.87,26.3,34.6,3291.8799999999997,2752.27,Data Source Issue
BEL,Mar 2021,3559.32,2975.93,26.3,34.6,3533.02,2941.33,Data Source Issue
BEL,Mar 2022,3478.26,2633.07,26.3,34.6,3451.96,2598.4700000000003,Data Source Issue
BEL,Mar 2023,3981.33,3587.72,26.3,34.6,3955.0299999999997,3553.12,Data Source Issue
BEL,Mar 2024,4744.05,3977.17,26.3,34.6,4717.75,3942.57,Data Source Issue
BHEL,Mar 2013,21.91,28.52,1.05,3.28,20.86,25.24,Data Source Issue
BHEL,Mar 2014,10.56,12.09,1.05,3.28,9.51,8.81,Formula Discrepancy
BHEL,Mar 2016,-2.18,-4.17,1.05,3.28,3.2300000000000004,7.449999999999999,Version Difference
BHEL,Mar 2020,-5.12,-0.39,1.05,3.28,6.17,3.67,Version Difference
BHEL,Mar 2021,-10.39,-9.86,1.05,3.28,11.440000000000001,13.139999999999999,Formula Discrepancy
BOSCHLTD,Mar 2015,18.21,26.56,16.0,20.6,2.210000000000001,5.959999999999997,Version Difference
BOSCHLTD,Mar 2020,7.01,15.87,16.0,20.6,8.99,4.730000000000002,Version Difference
BOSCHLTD,Mar 2021,4.91,11.77,16.0,20.6,11.09,8.830000000000002,Formula Discrepancy
BOSCHLTD,Mar 2022,11.39,13.59,16.0,20.6,4.609999999999999,7.010000000000002,Version Difference
BPCL,Mar 2013,11.54,13.44,41.9,32.1,30.36,18.660000000000004,Data Source Issue
BPCL,Mar 2014,20.85,17.9,41.9,32.1,21.049999999999997,14.200000000000003,Data Source Issue
BPCL,Mar 2015,22.52,20.35,41.9,32.1,19.38,11.75,Formula Discrepancy
BPCL,Mar 2016,29.1,25.34,41.9,32.1,12.799999999999997,6.760000000000002,Formula Discrepancy
BPCL,Mar 2017,30.85,20.71,41.9,32.1,11.049999999999997,11.39,Formula Discrepancy
BPCL,Mar 2018,26.74,20.62,41.9,32.1,15.16,11.48,Formula Discrepancy
BPCL,Mar 2019,22.0,18.08,41.9,32.1,19.9,14.020000000000003,Formula Discrepancy
BPCL,Mar 2020,10.04,8.8,41.9,32.1,31.86,23.3,Data Source Issue
BPCL,Mar 2021,32.34,19.43,41.9,32.1,9.559999999999995,12.670000000000002,Formula Discrepancy
BPCL,Mar 2022,22.51,16.44,41.9,32.1,19.389999999999997,15.66,Formula Discrepancy
BPCL,Mar 2023,3.98,8.87,41.9,32.1,37.92,23.230000000000004,Data Source Issue
BPCL,Mar 2024,35.51,33.85,41.9,32.1,6.390000000000001,1.75,Version Difference
BRITANNIA,Mar 2013,46.59,44.88,57.1,48.9,10.509999999999998,4.019999999999996,Version Difference
BRITANNIA,Mar 2014,49.5,66.14,57.1,48.9,7.600000000000001,17.240000000000002,Formula Discrepancy
BRITANNIA,Mar 2015,55.34,62.59,57.1,48.9,1.759999999999998,13.690000000000005,Version Difference
BRITANNIA,Mar 2016,39.44,55.06,57.1,48.9,17.660000000000004,6.160000000000004,Formula Discrepancy
BRITANNIA,Mar 2017,32.83,45.3,57.1,48.9,24.270000000000003,3.6000000000000014,Data Source Issue
BRITANNIA,Mar 2018,29.48,41.61,57.1,48.9,27.62,7.289999999999999,Data Source Issue
BRITANNIA,Mar 2019,27.16,39.28,57.1,48.9,29.94,9.619999999999997,Data Source Issue
BRITANNIA,Mar 2020,31.66,31.02,57.1,48.9,25.44,17.88,Data Source Issue
BRITANNIA,Mar 2022,59.27,43.68,57.1,48.9,2.1700000000000017,5.219999999999999,Version Difference
BRITANNIA,Mar 2023,65.53,43.35,57.1,48.9,8.43,5.549999999999997,Formula Discrepancy
CANBK,Mar 2013,11.9,1.8,17.9,6.63,5.999999999999998,4.83,Version Difference
CANBK,Mar 2014,8.85,2.02,17.9,6.63,9.049999999999999,4.609999999999999,Version Difference
CANBK,Mar 2015,9.02,1.94,17.9,6.63,8.879999999999999,4.6899999999999995,Version Difference
CANBK,Mar 2016,-7.82,3.3,17.9,6.63,25.72,3.33,Data Source Issue
CANBK,Mar 2017,4.07,2.76,17.9,6.63,13.829999999999998,3.87,Version Difference
CANBK,Mar 2018,-10.5,4.26,17.9,6.63,28.4,2.37,Data Source Issue
CANBK,Mar 2019,1.85,4.01,17.9,6.63,16.049999999999997,2.62,Version Difference
CANBK,Mar 2020,-4.66,3.78,17.9,6.63,22.56,2.85,Data Source Issue
CANBK,Mar 2021,4.74,3.87,17.9,6.63,13.159999999999998,2.76,Version Difference
CANBK,Mar 2022,8.8,3.43,17.9,6.63,9.099999999999998,3.1999999999999997,Version Difference
CHOLAFIN,Mar 2013,15.78,4.0,20.2,10.4,4.42,6.4,Version Difference
CHOLAFIN,Mar 2014,16.09,4.58,20.2,10.4,4.109999999999999,5.82,Version Difference
CHOLAFIN,Mar 2015,16.6,4.69,20.2,10.4,3.599999999999998,5.71,Version Difference
CHOLAFIN,Mar 2016,15.67,4.83,20.2,10.4,4.529999999999999,5.57,Version Difference
CHOLAFIN,Mar 2017,16.71,4.66,20.2,10.4,3.4899999999999984,5.74,Version Difference
CHOLAFIN,Mar 2018,17.91,3.34,20.2,10.4,2.289999999999999,7.0600000000000005,Version Difference
CHOLAFIN,Mar 2019,19.28,2.87,20.2,10.4,0.9199999999999982,7.53,Version Difference
CHOLAFIN,Mar 2020,12.85,3.83,20.2,10.4,7.35,6.57,Formula Discrepancy
CHOLAFIN,Mar 2021,15.84,3.97,20.2,10.4,4.359999999999999,6.43,Version Difference
CHOLAFIN,Mar 2022,18.3,3.61,20.2,10.4,1.8999999999999986,6.790000000000001,Version Difference
CHOLAFIN,Mar 2023,18.58,3.24,20.2,10.4,1.620000000000001,7.16,Version Difference
CHOLAFIN,Mar 2024,17.46,3.5,20.2,10.4,2.7399999999999984,6.9,Version Difference
CIPLA,Mar 2013,17.13,60.74,16.8,22.8,0.3299999999999983,37.94,Data Source Issue
CIPLA,Mar 2014,13.97,71.03,16.8,22.8,2.83,48.230000000000004,Data Source Issue
CIPLA,Mar 2015,11.38,73.43,16.8,22.8,5.42,50.63000000000001,Data Source Issue
CIPLA,Mar 2016,12.01,67.65,16.8,22.8,4.790000000000001,44.85000000000001,Data Source Issue
CIPLA,Mar 2017,8.25,71.43,16.8,22.8,8.55,48.63000000000001,Data Source Issue
CIPLA,Mar 2018,9.96,67.27,16.8,22.8,6.84,44.47,Data Source Issue
CIPLA,Mar 2019,9.94,68.63,16.8,22.8,6.860000000000001,45.83,Data Source Issue
CIPLA,Mar 2020,9.52,74.96,16.8,22.8,7.280000000000001,52.16,Data Source Issue
CIPLA,Mar 2021,13.04,73.29,16.8,22.8,3.7600000000000016,50.49000000000001,Data Source Issue
CIPLA,Mar 2022,12.22,78.6,16.8,22.8,4.58,55.8,Data Source Issue
CIPLA,Mar 2023,12.1,73.22,16.8,22.8,4.700000000000001,50.42,Data Source Issue
CIPLA,Mar 2024,15.55,71.46,16.8,22.8,1.25,48.66,Data Source Issue
COALINDIA,Mar 2013,35.81,100.88,52.0,63.6,16.189999999999998,37.279999999999994,Data Source Issue
COALINDIA,Mar 2014,35.64,124.09,52.0,63.6,16.36,60.49,Data Source Issue
COALINDIA,Mar 2015,34.02,139.29,52.0,63.6,17.979999999999997,75.69,Data Source Issue
COALINDIA,Mar 2016,40.96,164.15,52.0,63.6,11.04,100.55000000000001,Data Source Issue
COALINDIA,Mar 2017,37.85,238.69,52.0,63.6,14.149999999999999,175.09,Data Source Issue
COALINDIA,Mar 2018,34.88,349.77,52.0,63.6,17.119999999999997,286.16999999999996,Data Source Issue
COALINDIA,Mar 2019,66.01,260.17,52.0,63.6,14.010000000000005,196.57000000000002,Data Source Issue
COALINDIA,Mar 2020,51.93,193.05,52.0,63.6,0.07000000000000028,129.45000000000002,Data Source Issue
COALINDIA,Mar 2021,34.78,168.38,52.0,63.6,17.22,104.78,Data Source Issue
COALINDIA,Mar 2022,40.28,182.17,52.0,63.6,11.719999999999999,118.57,Data Source Issue
COALINDIA,Mar 2023,52.14,144.26,52.0,63.6,0.14000000000000057,80.66,Data Source Issue
COALINDIA,Mar 2024,45.17,105.71,52.0,63.6,6.829999999999998,42.10999999999999,Data Source Issue
DABUR,Mar 2013,36.56,30.56,19.2,22.3,17.360000000000003,8.259999999999998,Formula Discrepancy
DABUR,Mar 2014,34.49,34.54,19.2,22.3,15.290000000000003,12.239999999999998,Formula Discrepancy
DABUR,Mar 2015,31.84,32.29,19.2,22.3,12.64,9.989999999999998,Formula Discrepancy
DABUR,Mar 2016,30.06,30.51,19.2,22.3,10.86,8.21,Formula Discrepancy
DABUR,Mar 2017,26.41,25.97,19.2,22.3,7.210000000000001,3.669999999999998,Version Difference
DABUR,Mar 2019,25.67,27.48,19.2,22.3,6.470000000000002,5.18,Formula Discrepancy
DIVISLAB,Mar 2013,24.07,32.2,12.2,16.5,11.870000000000001,15.700000000000003,Formula Discrepancy
DIVISLAB,Mar 2014,26.08,34.14,12.2,16.5,13.879999999999999,17.64,Formula Discrepancy
DIVISLAB,Mar 2015,24.37,33.3,12.2,16.5,12.170000000000002,16.799999999999997,Formula Discrepancy
DIVISLAB,Mar 2016,26.23,32.83,12.2,16.5,14.030000000000001,16.33,Formula Discrepancy
DIVISLAB,Mar 2017,19.79,26.89,12.2,16.5,7.59,10.39,Formula Discrepancy
DIVISLAB,Mar 2019,19.45,26.53,12.2,16.5,7.25,10.030000000000001,Formula Discrepancy
DIVISLAB,Mar 2020,18.84,24.85,12.2,16.5,6.640000000000001,8.350000000000001,Formula Discrepancy
DIVISLAB,Mar 2021,21.34,30.83,12.2,16.5,9.14,14.329999999999998,Formula Discrepancy
DIVISLAB,Mar 2022,25.24,33.11,12.2,16.5,13.04,16.61,Formula Discrepancy
DLF,Mar 2015,1.85,5.81,6.95,5.74,5.1,0.0699999999999994,Version Difference
DLF,Mar 2016,1.27,8.04,6.95,5.74,5.68,2.299999999999999,Version Difference
DLF,Mar 2018,12.68,4.5,6.95,5.74,5.7299999999999995,1.2400000000000002,Version Difference
DLF,Mar 2020,-1.71,2.69,6.95,5.74,8.66,3.0500000000000003,Version Difference
DMART,Mar 2016,21.04,24.47,14.5,19.4,6.539999999999999,5.07,Formula Discrepancy
DMART,Mar 2018,17.26,26.49,14.5,19.4,2.7600000000000016,7.09,Version Difference
DMART,Mar 2019,16.14,25.97,14.5,19.4,1.6400000000000006,6.57,Version Difference
DMART,Mar 2021,9.02,13.87,14.5,19.4,5.48,5.529999999999999,Formula Discrepancy
DRREDDY,Mar 2017,10.54,14.39,21.4,26.5,10.86,12.11,Formula Discrepancy
DRREDDY,Mar 2018,7.53,13.33,21.4,26.5,13.869999999999997,13.17,Formula Discrepancy
DRREDDY,Mar 2019,13.9,17.79,21.4,26.5,7.499999999999998,8.71,Formula Discrepancy
DRREDDY,Mar 2020,12.99,13.91,21.4,26.5,8.409999999999998,12.59,Formula Discrepancy
DRREDDY,Mar 2021,11.07,18.74,21.4,26.5,10.329999999999998,7.760000000000002,Formula Discrepancy
DRREDDY,Mar 2022,11.36,16.68,21.4,26.5,10.04,9.82,Formula Discrepancy
EICHERMOT,Dec 2014,27.9,43.43,24.2,31.1,3.6999999999999993,12.329999999999998,Version Difference
EICHERMOT,Mar 2016,36.63,45.97,24.2,31.1,12.430000000000003,14.869999999999997,Formula Discrepancy
EICHERMOT,Mar 2017,31.19,39.84,24.2,31.1,6.990000000000002,8.740000000000002,Formula Discrepancy
EICHERMOT,Mar 2018,27.88,39.12,24.2,31.1,3.6799999999999997,8.019999999999996,Version Difference
EICHERMOT,Mar 2020,18.3,21.34,24.2,31.1,5.899999999999999,9.760000000000002,Formula Discrepancy
EICHERMOT,Mar 2021,11.78,15.3,24.2,31.1,12.42,15.8,Formula Discrepancy
EICHERMOT,Mar 2022,13.3,17.13,24.2,31.1,10.899999999999999,13.970000000000002,Formula Discrepancy
EICHERMOT,Mar 2023,19.44,22.56,24.2,31.1,4.759999999999998,8.540000000000003,Version Difference
EICHERMOT,Mar 2024,22.17,23.45,24.2,31.1,2.0299999999999976,7.650000000000002,Version Difference
GAIL,Mar 2016,5.15,9.98,14.0,14.7,8.85,4.719999999999999,Version Difference
GAIL,Mar 2017,8.58,13.13,14.0,14.7,5.42,1.5699999999999985,Version Difference
GAIL,Mar 2019,14.24,20.61,14.0,14.7,0.2400000000000002,5.91,Version Difference
GAIL,Mar 2020,19.31,16.06,14.0,14.7,5.309999999999999,1.3599999999999994,Version Difference
GAIL,Mar 2022,19.19,20.68,14.0,14.7,5.190000000000001,5.98,Formula Discrepancy
GAIL,Mar 2023,8.62,9.06,14.0,14.7,5.380000000000001,5.639999999999999,Formula Discrepancy
GODREJCP,Mar 2013,25.51,17.25,6.77,26.49,18.740000000000002,9.239999999999998,Formula Discrepancy
GODREJCP,Mar 2014,21.7,19.01,6.77,26.49,14.93,7.479999999999997,Formula Discrepancy
GODREJCP,Mar 2015,22.64,19.62,6.77,26.49,15.870000000000001,6.869999999999997,Formula Discrepancy
GODREJCP,Mar 2016,19.48,23.15,6.77,26.49,12.71,3.34,Version Difference
GODREJCP,Mar 2017,24.67,20.5,6.77,26.49,17.900000000000002,5.989999999999998,Formula Discrepancy
GODREJCP,Mar 2018,26.11,21.34,6.77,26.49,19.34,5.149999999999999,Formula Discrepancy
GODREJCP,Mar 2019,32.23,20.02,6.77,26.49,25.459999999999997,6.469999999999999,Data Source Issue
GODREJCP,Mar 2020,18.95,18.77,6.77,26.49,12.18,7.719999999999999,Formula Discrepancy
GODREJCP,Mar 2021,18.23,21.22,6.77,26.49,11.46,5.27,Formula Discrepancy
GODREJCP,Mar 2022,15.43,18.17,6.77,26.49,8.66,8.319999999999997,Formula Discrepancy
GODREJCP,Mar 2023,12.34,16.37,6.77,26.49,5.57,10.119999999999997,Formula Discrepancy
GODREJCP,Mar 2024,-4.45,18.69,6.77,26.49,11.219999999999999,7.799999999999997,Formula Discrepancy
GRASIM,Mar 2013,19.22,20.28,6.9,9.3,12.319999999999999,10.98,Formula Discrepancy
GRASIM,Mar 2014,13.67,15.7,6.9,9.3,6.77,6.399999999999999,Formula Discrepancy
GRASIM,Mar 2015,11.16,14.67,6.9,9.3,4.26,5.369999999999999,Version Difference
GRASIM,Mar 2016,12.6,14.8,6.9,9.3,5.699999999999999,5.5,Formula Discrepancy
GRASIM,Mar 2017,13.53,18.19,6.9,9.3,6.629999999999999,8.89,Formula Discrepancy
GRASIM,Mar 2022,14.8,13.58,6.9,9.3,7.9,4.279999999999999,Version Difference
GRASIM,Mar 2023,14.07,11.88,6.9,9.3,7.17,2.58,Version Difference
HAL,Mar 2017,1966.92,2397.04,28.9,38.9,1938.02,2358.14,Data Source Issue
HAL,Mar 2018,1528.46,2601.5,28.9,38.9,1499.56,2562.6,Data Source Issue
HAL,Mar 2019,1763.91,3240.43,28.9,38.9,1735.01,3201.5299999999997,Data Source Issue
HAL,Mar 2020,2059.42,3485.71,28.9,38.9,2030.52,3446.81,Data Source Issue
HAL,Mar 2021,2249.31,3560.67,28.9,38.9,2220.41,3521.77,Data Source Issue
HAL,Mar 2022,3324.18,3284.85,28.9,38.9,3295.2799999999997,3245.95,Data Source Issue
HAL,Mar 2023,3283.05,2977.23,28.9,38.9,3254.15,2938.33,Data Source Issue
HAL,Mar 2024,3816.58,3027.64,28.9,38.9,3787.68,2988.74,Data Source Issue
HAVELLS,Mar 2013,40.29,27.81,18.0,24.4,22.29,3.41,Data Source Issue
HAVELLS,Mar 2014,26.77,28.57,18.0,24.4,8.77,4.170000000000002,Version Difference
HAVELLS,Mar 2015,21.18,33.68,18.0,24.4,3.1799999999999997,9.280000000000001,Version Difference
HAVELLS,Mar 2016,42.95,25.18,18.0,24.4,24.950000000000003,0.7800000000000011,Data Source Issue
HCLTECH,Jun 2013,30.69,39.98,23.3,29.6,7.390000000000001,10.379999999999995,Formula Discrepancy
HCLTECH,Jun 2014,33.39,39.07,23.3,29.6,10.09,9.469999999999999,Formula Discrepancy
HCLTECH,Jun 2015,30.31,34.12,23.3,29.6,7.009999999999998,4.519999999999996,Version Difference
HDFCBANK,Mar 2023,15.94,2.6,17.1,7.67,1.160000000000002,5.07,Version Difference
HDFCLIFE,Mar 2013,33.43,1012.34,11.4,6.61,22.03,1005.73,Data Source Issue
HDFCLIFE,Mar 2014,37.6,858.97,11.4,6.61,26.200000000000003,852.36,Data Source Issue
HDFCLIFE,Mar 2015,30.93,1036.64,11.4,6.61,19.53,1030.0300000000002,Data Source Issue
HDFCLIFE,Mar 2016,26.33,553.88,11.4,6.61,14.929999999999998,547.27,Data Source Issue
HDFCLIFE,Mar 2017,23.18,775.59,11.4,6.61,11.78,768.98,Data Source Issue
HDFCLIFE,Mar 2018,23.53,662.83,11.4,6.61,12.13,656.22,Data Source Issue
HDFCLIFE,Mar 2019,22.65,667.14,11.4,6.61,11.249999999999998,660.53,Data Source Issue
HDFCLIFE,Mar 2020,19.05,414.85,11.4,6.61,7.65,408.24,Data Source Issue
HDFCLIFE,Mar 2021,15.75,760.76,11.4,6.61,4.35,754.15,Data Source Issue
HDFCLIFE,Mar 2022,8.5,409.2,11.4,6.61,2.9000000000000004,402.59,Data Source Issue
HDFCLIFE,Mar 2023,10.53,502.95,11.4,6.61,0.870000000000001,496.34,Data Source Issue
HDFCLIFE,Mar 2024,10.73,646.46,11.4,6.61,0.6699999999999999,639.85,Data Source Issue
HEROMOTOCO,Mar 2014,37.38,367.73,22.0,29.1,15.380000000000003,338.63,Data Source Issue
HEROMOTOCO,Mar 2015,36.15,361.72,22.0,29.1,14.149999999999999,332.62,Data Source Issue
HEROMOTOCO,Mar 2016,35.23,265.09,22.0,29.1,13.229999999999997,235.98999999999998,Data Source Issue
HEROMOTOCO,Mar 2017,34.37,227.14,22.0,29.1,12.369999999999997,198.04,Data Source Issue
HEROMOTOCO,Mar 2018,31.09,222.33,22.0,29.1,9.09,193.23000000000002,Data Source Issue
HEROMOTOCO,Mar 2019,26.42,215.5,22.0,29.1,4.420000000000002,186.4,Data Source Issue
HEROMOTOCO,Mar 2020,25.4,169.49,22.0,29.1,3.3999999999999986,140.39000000000001,Data Source Issue
HEROMOTOCO,Mar 2021,19.05,168.14,22.0,29.1,2.9499999999999993,139.04,Data Source Issue
HEROMOTOCO,Mar 2022,14.7,159.83,22.0,29.1,7.300000000000001,130.73000000000002,Data Source Issue
HEROMOTOCO,Mar 2023,16.81,174.52,22.0,29.1,5.190000000000001,145.42000000000002,Data Source Issue
HEROMOTOCO,Mar 2024,21.14,177.84,22.0,29.1,0.8599999999999994,148.74,Data Source Issue
HINDALCO,Mar 2013,8.51,78.56,10.2,11.3,1.6899999999999995,67.26,Data Source Issue
HINDALCO,Mar 2014,5.41,75.62,10.2,11.3,4.789999999999999,64.32000000000001,Data Source Issue
HINDALCO,Mar 2015,0.68,89.36,10.2,11.3,9.52,78.06,Data Source Issue
HINDALCO,Mar 2016,-1.73,84.12,10.2,11.3,11.93,72.82000000000001,Data Source Issue
HINDALCO,Mar 2017,4.09,79.97,10.2,11.3,6.109999999999999,68.67,Data Source Issue
HINDALCO,Mar 2018,11.09,94.91,10.2,11.3,0.8900000000000006,83.61,Data Source Issue
HINDALCO,Mar 2019,9.56,104.65,10.2,11.3,0.6399999999999988,93.35000000000001,Data Source Issue
HINDALCO,Mar 2020,6.46,81.95,10.2,11.3,3.7399999999999993,70.65,Data Source Issue
HINDALCO,Mar 2021,5.23,85.58,10.2,11.3,4.969999999999999,74.28,Data Source Issue
HINDALCO,Mar 2022,17.56,116.85,10.2,11.3,7.359999999999999,105.55,Data Source Issue
HINDALCO,Mar 2023,10.65,129.3,10.2,11.3,0.45000000000000107,118.00000000000001,Data Source Issue
HINDALCO,Mar 2024,9.57,118.21,10.2,11.3,0.629999999999999,106.91,Data Source Issue
HINDUNILVR,Mar 2013,134.0,788.37,20.2,27.2,113.8,761.17,Data Source Issue
HINDUNILVR,Mar 2014,111.85,683.09,20.2,27.2,91.64999999999999,655.89,Data Source Issue
HINDUNILVR,Mar 2015,108.67,652.58,20.2,27.2,88.47,625.38,Data Source Issue
HINDUNILVR,Mar 2016,63.15,389.27,20.2,27.2,42.95,362.07,Data Source Issue
HINDUNILVR,Mar 2017,66.58,382.2,20.2,27.2,46.379999999999995,355.0,Data Source Issue
HINDUNILVR,Mar 2018,71.79,385.19,20.2,27.2,51.59,357.99,Data Source Issue
HINDUNILVR,Mar 2019,77.03,382.0,20.2,27.2,56.83,354.8,Data Source Issue
HINDUNILVR,Mar 2020,82.1,363.62,20.2,27.2,61.89999999999999,336.42,Data Source Issue
HINDUNILVR,Mar 2021,16.78,74.26,20.2,27.2,3.419999999999998,47.06,Data Source Issue
HINDUNILVR,Mar 2022,18.12,79.01,20.2,27.2,2.0799999999999983,51.81,Data Source Issue
HINDUNILVR,Mar 2023,20.16,90.12,20.2,27.2,0.03999999999999915,62.92,Data Source Issue
HINDUNILVR,Mar 2024,20.07,89.63,20.2,27.2,0.129999999999999,62.42999999999999,Data Source Issue
ICICIBANK,Mar 2016,11.61,6.83,18.8,7.6,7.190000000000001,0.7699999999999996,Version Difference
ICICIBANK,Mar 2017,10.84,7.93,18.8,7.6,7.960000000000001,0.33000000000000007,Version Difference
ICICIBANK,Mar 2018,8.23,7.86,18.8,7.6,10.57,0.2600000000000007,Version Difference
ICICIBANK,Mar 2019,4.98,8.33,18.8,7.6,13.82,0.7300000000000004,Version Difference
ICICIBANK,Mar 2020,9.13,7.5,18.8,7.6,9.67,0.09999999999999964,Version Difference
ICICIBANK,Mar 2021,12.92,7.24,18.8,7.6,5.880000000000001,0.35999999999999943,Version Difference
ICICIGI,Mar 2013,18.88,224.12,17.0,22.5,1.879999999999999,201.62,Data Source Issue
ICICIGI,Mar 2014,21.72,191.23,17.0,22.5,4.719999999999999,168.73,Data Source Issue
ICICIGI,Mar 2015,20.27,154.4,17.0,22.5,3.2699999999999996,131.9,Data Source Issue
ICICIGI,Mar 2016,15.66,162.77,17.0,22.5,1.3399999999999999,140.27,Data Source Issue
ICICIGI,Mar 2017,18.0,150.5,17.0,22.5,1.0,128.0,Data Source Issue
ICICIGI,Mar 2018,18.98,142.74,17.0,22.5,1.9800000000000004,120.24000000000001,Data Source Issue
ICICIGI,Mar 2019,19.43,161.33,17.0,22.5,2.4299999999999997,138.83,Data Source Issue
ICICIGI,Mar 2020,19.47,147.23,17.0,22.5,2.469999999999999,124.72999999999999,Data Source Issue
ICICIGI,Mar 2021,19.38,124.81,17.0,22.5,2.379999999999999,102.31,Data Source Issue
ICICIGI,Mar 2022,13.83,158.87,17.0,22.5,3.17,136.37,Data Source Issue
ICICIGI,Mar 2023,16.55,158.53,17.0,22.5,0.4499999999999993,136.03,Data Source Issue
ICICIGI,Mar 2024,15.72,146.32,17.0,22.5,1.2799999999999994,123.82,Data Source Issue
ICICIPRULI,Mar 2013,38.25,486.75,8.07,8.75,30.18,478.0,Data Source Issue
ICICIPRULI,Mar 2014,35.61,465.07,8.07,8.75,27.54,456.32,Data Source Issue
ICICIPRULI,Mar 2015,31.15,622.94,8.07,8.75,23.08,614.19,Data Source Issue
ICICIPRULI,Mar 2016,31.0,299.24,8.07,8.75,22.93,290.49,Data Source Issue
ICICIPRULI,Mar 2017,26.26,562.13,8.07,8.75,18.19,553.38,Data Source Issue
ICICIPRULI,Mar 2018,24.63,563.77,8.07,8.75,16.56,555.02,Data Source Issue
ICICIPRULI,Mar 2019,16.58,595.58,8.07,8.75,8.509999999999998,586.83,Data Source Issue
ICICIPRULI,Mar 2020,14.79,295.91,8.07,8.75,6.719999999999999,287.16,Data Source Issue
ICICIPRULI,Mar 2021,10.5,810.67,8.07,8.75,2.4299999999999997,801.92,Data Source Issue
ICICIPRULI,Mar 2022,8.29,634.56,8.07,8.75,0.21999999999999886,625.81,Data Source Issue
ICICIPRULI,Mar 2023,8.06,462.67,8.07,8.75,0.009999999999999787,453.92,Data Source Issue
ICICIPRULI,Mar 2024,7.73,754.9,8.07,8.75,0.33999999999999986,746.15,Data Source Issue
INDUSINDBK,Mar 2013,13.91,2.73,15.2,7.93,1.2899999999999991,5.199999999999999,Version Difference
INDUSINDBK,Mar 2021,6.54,4.56,15.2,7.93,8.66,3.37,Version Difference
INDUSINDBK,Mar 2022,9.67,4.08,15.2,7.93,5.529999999999999,3.8499999999999996,Version Difference
INFY,Mar 2013,24.82,30.37,31.8,40.0,6.98,9.629999999999999,Formula Discrepancy
INFY,Mar 2014,23.93,30.07,31.8,40.0,7.870000000000001,9.93,Formula Discrepancy
INFY,Mar 2015,24.39,29.33,31.8,40.0,7.41,10.670000000000002,Formula Discrepancy
INFY,Mar 2016,21.85,27.66,31.8,40.0,9.95,12.34,Formula Discrepancy
INFY,Mar 2017,20.81,26.97,31.8,40.0,10.990000000000002,13.030000000000001,Formula Discrepancy
INFY,Mar 2018,24.69,28.99,31.8,40.0,7.109999999999999,11.010000000000002,Formula Discrepancy
INFY,Mar 2019,23.73,31.06,31.8,40.0,8.07,8.940000000000001,Formula Discrepancy
INFY,Mar 2020,25.42,31.77,31.8,40.0,6.379999999999999,8.23,Formula Discrepancy
INFY,Mar 2021,25.44,34.15,31.8,40.0,6.359999999999999,5.850000000000001,Formula Discrepancy
IOC,Mar 2013,5.75,9.08,25.44,21.31,19.69,12.229999999999999,Formula Discrepancy
IOC,Mar 2014,10.26,10.58,25.44,21.31,15.180000000000001,10.729999999999999,Formula Discrepancy
IOC,Mar 2015,7.08,7.91,25.44,21.31,18.36,13.399999999999999,Formula Discrepancy
IOC,Mar 2016,13.8,14.84,25.44,21.31,11.64,6.469999999999999,Formula Discrepancy
IOC,Mar 2017,19.97,20.65,25.44,21.31,5.470000000000002,0.6600000000000001,Version Difference
IOC,Mar 2018,19.87,23.2,25.44,21.31,5.57,1.8900000000000006,Version Difference
IOC,Mar 2019,15.36,16.85,25.44,21.31,10.080000000000002,4.459999999999997,Version Difference
IOC,Mar 2020,-1.97,7.13,25.44,21.31,27.41,14.18,Data Source Issue
IOC,Mar 2021,19.46,17.48,25.44,21.31,5.98,3.8299999999999983,Version Difference
IOC,Mar 2022,19.27,17.98,25.44,21.31,6.170000000000002,3.3299999999999983,Version Difference
IOC,Mar 2023,8.38,10.63,25.44,21.31,17.060000000000002,10.679999999999998,Formula Discrepancy
IRCTC,Mar 2015,29.5,34.23,40.4,53.8,10.899999999999999,19.57,Formula Discrepancy
IRCTC,Mar 2016,34.87,35.06,40.4,53.8,5.530000000000001,18.739999999999995,Formula Discrepancy
IRCTC,Mar 2017,29.1,39.9,40.4,53.8,11.299999999999997,13.899999999999999,Formula Discrepancy
IRCTC,Mar 2018,23.14,28.69,40.4,53.8,17.259999999999998,25.109999999999996,Data Source Issue
IRCTC,Mar 2019,28.85,35.76,40.4,53.8,11.549999999999997,18.04,Formula Discrepancy
IRCTC,Mar 2021,12.84,12.25,40.4,53.8,27.56,41.55,Data Source Issue
IRCTC,Mar 2022,35.29,44.25,40.4,53.8,5.109999999999999,9.549999999999997,Formula Discrepancy
IRCTC,Mar 2024,34.4,44.56,40.4,53.8,6.0,9.239999999999995,Formula Discrepancy
IRFC,Mar 2016,7.37,7.54,13.7,5.73,6.329999999999999,1.8099999999999996,Version Difference
IRFC,Mar 2017,7.78,7.62,13.7,5.73,5.919999999999999,1.8899999999999997,Version Difference
ITC,Mar 2013,33.27,48.24,29.47,34.76,3.8000000000000043,13.480000000000004,Version Difference
ITC,Mar 2014,33.05,47.6,29.47,34.76,3.5799999999999983,12.840000000000003,Version Difference
ITC,Mar 2015,30.81,44.53,29.47,34.76,1.3399999999999999,9.770000000000003,Version Difference
ITC,Mar 2016,22.26,33.98,29.47,34.76,7.209999999999997,0.7800000000000011,Version Difference
ITC,Mar 2017,22.57,33.3,29.47,34.76,6.899999999999999,1.4600000000000009,Version Difference
ITC,Mar 2018,21.89,31.44,29.47,34.76,7.579999999999998,3.3199999999999967,Version Difference
ITC,Mar 2019,21.7,31.34,29.47,34.76,7.77,3.419999999999998,Version Difference
ITC,Mar 2020,23.89,29.51,29.47,34.76,5.579999999999998,5.2499999999999964,Formula Discrepancy
ITC,Mar 2021,22.18,28.15,29.47,34.76,7.289999999999999,6.609999999999999,Formula Discrepancy
JINDALSTEL,Mar 2014,8.39,9.83,14.1,13.2,5.709999999999999,3.369999999999999,Version Difference
JINDALSTEL,Mar 2015,-6.9,8.21,14.1,13.2,21.0,4.989999999999998,Data Source Issue
JINDALSTEL,Mar 2016,-9.52,4.34,14.1,13.2,23.619999999999997,8.86,Data Source Issue
JINDALSTEL,Mar 2017,-8.45,6.2,14.1,13.2,22.549999999999997,6.999999999999999,Data Source Issue
JINDALSTEL,Mar 2018,-5.32,8.82,14.1,13.2,19.42,4.379999999999999,Version Difference
JINDALSTEL,Mar 2019,-7.52,11.74,14.1,13.2,21.619999999999997,1.459999999999999,Data Source Issue
JINDALSTEL,Mar 2020,-1.24,9.91,14.1,13.2,15.34,3.289999999999999,Version Difference
JINDALSTEL,Mar 2022,18.99,31.58,14.1,13.2,4.889999999999999,18.38,Version Difference
JINDALSTEL,Mar 2023,10.27,19.21,14.1,13.2,3.83,6.010000000000002,Version Difference
JSWENERGY,Mar 2013,14.52,16.89,8.4,8.59,6.119999999999999,8.3,Formula Discrepancy
JSWENERGY,Mar 2014,11.57,19.52,8.4,8.59,3.17,10.93,Version Difference
JSWENERGY,Mar 2015,18.06,21.56,8.4,8.59,9.659999999999998,12.969999999999999,Formula Discrepancy
JSWENERGY,Mar 2016,15.05,16.4,8.4,8.59,6.65,7.809999999999999,Formula Discrepancy
JSWENERGY,Mar 2018,0.77,11.8,8.4,8.59,7.630000000000001,3.210000000000001,Version Difference
JSWENERGY,Mar 2020,9.28,13.76,8.4,8.59,0.879999999999999,5.17,Version Difference
JSWSTEEL,Mar 2013,5.44,16.83,11.66,13.36,6.22,3.469999999999999,Version Difference
JSWSTEEL,Mar 2014,1.9,16.17,11.66,13.36,9.76,2.8100000000000023,Version Difference
JSWSTEEL,Mar 2016,-2.54,10.5,11.66,13.36,14.2,2.8599999999999994,Version Difference
JSWSTEEL,Mar 2017,15.31,18.65,11.66,13.36,3.6500000000000004,5.289999999999999,Version Difference
JSWSTEEL,Mar 2018,21.83,22.13,11.66,13.36,10.169999999999998,8.77,Formula Discrepancy
JSWSTEEL,Mar 2019,21.62,23.03,11.66,13.36,9.96,9.670000000000002,Formula Discrepancy
JSWSTEEL,Mar 2021,16.84,18.49,11.66,13.36,5.18,5.129999999999999,Formula Discrepancy
JSWSTEEL,Mar 2022,31.11,28.03,11.66,13.36,19.45,14.670000000000002,Formula Discrepancy
JSWSTEEL,Mar 2023,6.3,12.6,11.66,13.36,5.36,0.7599999999999998,Version Difference
LICI,Mar 2019,324.32,2.19,63.61,63.79,260.71,61.6,Data Source Issue
LICI,Mar 2020,270.46,-2.73,63.61,63.79,206.84999999999997,66.52,Data Source Issue
LICI,Mar 2021,43.2,-3.66,63.61,63.79,20.409999999999997,67.45,Data Source Issue
LICI,Mar 2022,36.38,29.33,63.61,63.79,27.229999999999997,34.46,Data Source Issue
LICI,Mar 2023,77.86,73.99,63.61,63.79,14.25,10.199999999999996,Formula Discrepancy
LICI,Mar 2024,49.45,39.61,63.61,63.79,14.159999999999997,24.18,Data Source Issue
LODHA,Mar 2016,17.69,11.94,10.7,11.1,6.990000000000002,0.8399999999999999,Version Difference
LODHA,Mar 2018,15.41,6.06,10.7,11.1,4.710000000000001,5.04,Version Difference
LODHA,Mar 2019,42.8,10.78,10.7,11.1,32.099999999999994,0.3200000000000003,Data Source Issue
LODHA,Mar 2020,16.3,8.34,10.7,11.1,5.600000000000001,2.76,Version Difference
LODHA,Mar 2021,1.04,6.07,10.7,11.1,9.66,5.029999999999999,Formula Discrepancy
LODHA,Mar 2023,3.87,9.5,10.7,11.1,6.829999999999999,1.5999999999999996,Version Difference
LT,Mar 2013,395.15,724.35,10.49,17.18,384.65999999999997,707.1700000000001,Data Source Issue
LT,Mar 2014,303.42,818.95,10.49,17.18,292.93,801.7700000000001,Data Source Issue
LT,Mar 2015,245.11,698.93,10.49,17.18,234.62,681.75,Data Source Issue
LT,Mar 2016,216.09,710.37,10.49,17.18,205.6,693.19,Data Source Issue
LT,Mar 2017,206.3,528.63,10.49,17.18,195.81,511.45,Data Source Issue
LT,Mar 2018,207.36,521.01,10.49,17.18,196.87,503.83,Data Source Issue
LT,Mar 2019,208.81,467.32,10.49,17.18,198.32,450.14,Data Source Issue
LT,Mar 2020,201.59,388.74,10.49,17.18,191.1,371.56,Data Source Issue
LT,Mar 2021,176.9,289.56,10.49,17.18,166.41,272.38,Data Source Issue
LT,Mar 2022,72.92,167.15,10.49,17.18,62.43,149.97,Data Source Issue
LT,Mar 2023,75.52,149.82,10.49,17.18,65.03,132.64,Data Source Issue
LT,Mar 2024,77.67,135.2,10.49,17.18,67.18,118.01999999999998,Data Source Issue
LTIM,Mar 2013,41.97,55.31,26.04,34.1,15.93,21.21,Data Source Issue
LTIM,Mar 2014,61.86,66.69,26.04,34.1,35.82,32.589999999999996,Data Source Issue
LTIM,Mar 2015,37.96,44.79,26.04,34.1,11.920000000000002,10.689999999999998,Formula Discrepancy
LTIM,Mar 2016,39.34,47.16,26.04,34.1,13.300000000000004,13.059999999999995,Formula Discrepancy
LTIM,Mar 2017,30.88,39.12,26.04,34.1,4.84,5.019999999999996,Version Difference
LTIM,Mar 2024,22.9,28.91,26.04,34.1,3.1400000000000006,5.190000000000001,Version Difference
M&M,Mar 2013,20.69,18.73,17.99,26.98,2.700000000000003,8.25,Version Difference
M&M,Mar 2014,22.11,17.39,17.99,26.98,4.120000000000001,9.59,Version Difference
M&M,Mar 2015,13.08,13.79,17.99,26.98,4.909999999999998,13.190000000000001,Version Difference
M&M,Mar 2016,13.42,14.82,17.99,26.98,4.5699999999999985,12.16,Version Difference
M&M,Mar 2017,13.6,13.67,17.99,26.98,4.389999999999999,13.31,Version Difference
M&M,Mar 2018,21.64,14.27,17.99,26.98,3.650000000000002,12.71,Version Difference
M&M,Mar 2019,15.05,13.72,17.99,26.98,2.9399999999999977,13.26,Version Difference
M&M,Mar 2020,-0.8,8.32,17.99,26.98,18.79,18.66,Formula Discrepancy
M&M,Mar 2021,3.64,9.4,17.99,26.98,14.349999999999998,17.58,Formula Discrepancy
M&M,Mar 2022,15.39,11.77,17.99,26.98,2.599999999999998,15.21,Version Difference
M&M,Mar 2023,20.18,13.65,17.99,26.98,2.1900000000000013,13.33,Version Difference
M&M,Mar 2024,18.54,14.24,17.99,26.98,0.5500000000000007,12.74,Version Difference
MARUTI,Mar 2016,17.95,29.25,15.75,23.67,2.1999999999999993,5.579999999999998,Version Difference
MARUTI,Mar 2020,11.49,14.83,15.75,23.67,4.26,8.840000000000002,Version Difference
MARUTI,Mar 2021,8.36,10.2,15.75,23.67,7.390000000000001,13.470000000000002,Formula Discrepancy
MARUTI,Mar 2022,7.01,10.32,15.75,23.67,8.74,13.350000000000001,Formula Discrepancy
MARUTI,Mar 2023,11.08,17.3,15.75,23.67,4.67,6.370000000000001,Version Difference
MOTHERSON,Mar 2013,19.75,20.58,11.8,13.7,7.949999999999999,6.879999999999999,Formula Discrepancy
MOTHERSON,Mar 2014,37.07,30.73,11.8,13.7,25.27,17.03,Data Source Issue
MOTHERSON,Mar 2015,38.87,33.64,11.8,13.7,27.069999999999997,19.94,Data Source Issue
MOTHERSON,Mar 2016,40.35,33.9,11.8,13.7,28.55,20.2,Data Source Issue
MOTHERSON,Mar 2017,26.26,22.4,11.8,13.7,14.46,8.7,Formula Discrepancy
MOTHERSON,Mar 2018,22.87,25.31,11.8,13.7,11.07,11.61,Formula Discrepancy
MOTHERSON,Mar 2019,19.14,23.77,11.8,13.7,7.34,10.07,Formula Discrepancy
MOTHERSON,Mar 2020,11.49,19.08,11.8,13.7,0.3100000000000005,5.379999999999999,Version Difference
MOTHERSON,Mar 2022,5.74,13.58,11.8,13.7,6.0600000000000005,0.11999999999999922,Version Difference
MOTHERSON,Mar 2024,11.55,20.23,11.8,13.7,0.25,6.530000000000001,Version Difference
NAUKRI,Mar 2013,12.5,19.87,2.44,3.65,10.06,16.220000000000002,Formula Discrepancy
NAUKRI,Mar 2014,8.93,14.41,2.44,3.65,6.49,10.76,Formula Discrepancy
NAUKRI,Mar 2016,7.65,5.89,2.44,3.65,5.210000000000001,2.2399999999999998,Version Difference
NAUKRI,Mar 2017,-2.7,-0.56,2.44,3.65,5.140000000000001,4.21,Version Difference
NAUKRI,Mar 2018,24.5,10.7,2.44,3.65,22.06,7.049999999999999,Data Source Issue
NAUKRI,Mar 2019,23.28,0.35,2.44,3.65,20.84,3.3,Data Source Issue
NAUKRI,Mar 2020,-11.21,-15.4,2.44,3.65,13.65,19.05,Formula Discrepancy
NAUKRI,Mar 2021,26.28,1.36,2.44,3.65,23.84,2.29,Data Source Issue
NAUKRI,Mar 2022,74.71,2.58,2.44,3.65,72.27,1.0699999999999998,Data Source Issue
NESTLEIND,Dec 2013,47.17,54.77,135.61,185.43,88.44000000000001,130.66,Data Source Issue
NESTLEIND,Dec 2014,41.77,71.37,135.61,185.43,93.84,114.06,Data Source Issue
NESTLEIND,Dec 2015,19.99,54.85,135.61,185.43,115.62000000000002,130.58,Data Source Issue
NESTLEIND,Dec 2016,30.5,55.81,135.61,185.43,105.11000000000001,129.62,Data Source Issue
NESTLEIND,Dec 2017,35.82,60.69,135.61,185.43,99.79000000000002,124.74000000000001,Data Source Issue
NESTLEIND,Dec 2018,43.75,70.6,135.61,185.43,91.86000000000001,114.83000000000001,Data Source Issue
NESTLEIND,Dec 2019,102.61,138.87,135.61,185.43,33.000000000000014,46.56,Data Source Issue
NESTLEIND,Dec 2020,103.12,147.83,135.61,185.43,32.49000000000001,37.599999999999994,Data Source Issue
NESTLEIND,Dec 2021,108.84,161.03,135.61,185.43,26.77000000000001,24.400000000000006,Data Source Issue
NESTLEIND,Dec 2022,97.23,135.75,135.61,185.43,38.38000000000001,49.68000000000001,Data Source Issue
NESTLEIND,Dec 2023,121.96,163.77,135.61,185.43,13.65000000000002,21.659999999999997,Data Source Issue
NESTLEIND,Mar 2024,117.75,157.75,135.61,185.43,17.860000000000014,27.680000000000007,Data Source Issue
ONGC,Mar 2013,15.73,25.11,14.32,19.71,1.4100000000000001,5.399999999999999,Version Difference
ONGC,Mar 2016,6.62,16.08,14.32,19.71,7.7,3.6300000000000026,Version Difference
ONGC,Mar 2020,5.59,15.57,14.32,19.71,8.73,4.140000000000001,Version Difference
ONGC,Mar 2021,9.67,13.97,14.32,19.71,4.65,5.74,Version Difference
PFC,Mar 2013,18.74,3.67,19.49,9.96,0.75,6.290000000000001,Version Difference
PFC,Mar 2014,19.85,4.07,19.49,9.96,0.360000000000003,5.890000000000001,Version Difference
PFC,Mar 2015,18.52,3.83,19.49,9.96,0.9699999999999989,6.130000000000001,Version Difference
PFC,Mar 2016,17.16,3.87,19.49,9.96,2.3299999999999983,6.090000000000001,Version Difference
PFC,Mar 2017,6.07,2.2,19.49,9.96,13.419999999999998,7.760000000000001,Formula Discrepancy
PFC,Mar 2018,22.08,2.44,19.49,9.96,2.59,7.520000000000001,Version Difference
PFC,Mar 2019,26.82,3.03,19.49,9.96,7.330000000000002,6.9300000000000015,Formula Discrepancy
PFC,Mar 2020,19.18,2.17,19.49,9.96,0.3099999999999987,7.790000000000001,Version Difference
PFC,Mar 2021,25.86,2.76,19.49,9.96,6.370000000000001,7.200000000000001,Formula Discrepancy
PFC,Mar 2022,26.18,3.19,19.49,9.96,6.690000000000001,6.770000000000001,Formula Discrepancy
PFC,Mar 2023,25.17,3.17,19.49,9.96,5.680000000000003,6.790000000000001,Formula Discrepancy
PFC,Mar 2024,26.16,3.49,19.49,9.96,6.670000000000002,6.470000000000001,Formula Discrepancy
PIDILITIND,Mar 2016,30.59,43.16,22.8,29.7,7.789999999999999,13.459999999999997,Formula Discrepancy
PIDILITIND,Mar 2017,24.86,35.36,22.8,29.7,2.0599999999999987,5.66,Version Difference
PIDILITIND,Mar 2018,27.03,36.25,22.8,29.7,4.23,6.550000000000001,Version Difference
PNB,Mar 2013,812.3,,8.7,1.63,803.5999999999999,,Data Source Issue
PNB,Mar 2014,393.36,,8.7,1.63,384.66,,Data Source Issue
PNB,Mar 2015,223.24,,8.7,1.63,214.54000000000002,,Data Source Issue
PNB,Mar 2016,-163.56,,8.7,1.63,172.26,,Data Source Issue
PNB,Mar 2017,22.21,,8.7,1.63,13.510000000000002,,Version Difference
PNB,Mar 2018,-184.37,,8.7,1.63,193.07,,Data Source Issue
PNB,Mar 2019,-128.45,,8.7,1.63,137.14999999999998,,Data Source Issue
PNB,Mar 2021,30.39,,8.7,1.63,21.69,,Data Source Issue
PNB,Mar 2022,39.87,,8.7,1.63,31.169999999999998,,Data Source Issue
PNB,Mar 2023,30.67,,8.7,1.63,21.970000000000002,,Data Source Issue
PNB,Mar 2024,61.32,,8.7,1.63,52.620000000000005,,Data Source Issue
POWERGRID,Mar 2014,13.11,10.9,19.0,13.2,5.890000000000001,2.299999999999999,Version Difference
POWERGRID,Mar 2015,13.13,11.08,19.0,13.2,5.869999999999999,2.119999999999999,Version Difference
POWERGRID,Mar 2016,13.55,11.92,19.0,13.2,5.449999999999999,1.2799999999999994,Version Difference
POWERGRID,Mar 2023,18.57,18.7,19.0,13.2,0.4299999999999997,5.5,Version Difference
POWERGRID,Mar 2024,17.87,18.91,19.0,13.2,1.129999999999999,5.710000000000001,Version Difference
RECLTD,Mar 2018,13.66,8.14,22.2,10.0,8.54,1.8599999999999994,Version Difference
RECLTD,Mar 2019,16.62,8.5,22.2,10.0,5.579999999999998,1.5,Version Difference
RECLTD,Mar 2020,14.05,8.07,22.2,10.0,8.149999999999999,1.9299999999999997,Version Difference
SBILIFE,Mar 2013,23.03,15.61,12.0,13.2,11.030000000000001,2.41,Version Difference
SBILIFE,Mar 2014,21.69,15.23,12.0,13.2,9.690000000000001,2.030000000000001,Version Difference
SBILIFE,Mar 2015,20.09,19.58,12.0,13.2,8.09,6.379999999999999,Formula Discrepancy
SBILIFE,Mar 2016,17.83,19.44,12.0,13.2,5.829999999999998,6.240000000000002,Formula Discrepancy
SBILIFE,Mar 2017,17.2,19.24,12.0,13.2,5.199999999999999,6.039999999999999,Formula Discrepancy
SBILIFE,Mar 2018,17.62,20.4,12.0,13.2,5.620000000000001,7.199999999999999,Formula Discrepancy
SBILIFE,Mar 2019,17.52,19.46,12.0,13.2,5.52,6.260000000000002,Formula Discrepancy
SBILIFE,Mar 2022,12.96,6.28,12.0,13.2,0.9600000000000009,6.919999999999999,Version Difference
SBILIFE,Mar 2023,13.22,0.94,12.0,13.2,1.2200000000000006,12.26,Version Difference
SBILIFE,Mar 2024,12.7,1.65,12.0,13.2,0.6999999999999993,11.549999999999999,Version Difference
SHREECEM,Jun 2013,26.12,30.42,12.2,14.8,13.920000000000002,15.620000000000001,Formula Discrepancy
SHREECEM,Jun 2014,16.71,23.52,12.2,14.8,4.510000000000002,8.719999999999999,Version Difference
SHREECEM,Jun 2015,8.07,21.7,12.2,14.8,4.129999999999999,6.899999999999999,Version Difference
SHREECEM,Mar 2017,17.39,27.95,12.2,14.8,5.190000000000001,13.149999999999999,Formula Discrepancy
SHREECEM,Mar 2018,15.56,20.11,12.2,14.8,3.360000000000001,5.309999999999999,Version Difference
SHREECEM,Mar 2019,10.5,22.42,12.2,14.8,1.6999999999999993,7.620000000000001,Version Difference
SHREECEM,Mar 2020,11.72,23.11,12.2,14.8,0.47999999999999865,8.309999999999999,Version Difference
SHREECEM,Mar 2021,15.18,23.21,12.2,14.8,2.9800000000000004,8.41,Version Difference
SHREECEM,Mar 2024,8.37,20.21,12.2,14.8,3.83,5.41,Version Difference
SHRIRAMFIN,Mar 2013,19.94,5.35,15.9,11.3,4.040000000000001,5.950000000000001,Version Difference
SHRIRAMFIN,Mar 2014,15.96,4.24,15.9,11.3,0.0600000000000005,7.0600000000000005,Version Difference
SHRIRAMFIN,Mar 2015,11.09,3.02,15.9,11.3,4.8100000000000005,8.280000000000001,Version Difference
SHRIRAMFIN,Mar 2016,11.64,3.04,15.9,11.3,4.26,8.260000000000002,Version Difference
SHRIRAMFIN,Mar 2017,11.17,3.06,15.9,11.3,4.73,8.24,Version Difference
SHRIRAMFIN,Mar 2018,18.62,3.97,15.9,11.3,2.7200000000000006,7.33,Version Difference
SHRIRAMFIN,Mar 2019,16.14,3.66,15.9,11.3,0.2400000000000002,7.640000000000001,Version Difference
SHRIRAMFIN,Mar 2020,13.85,3.16,15.9,11.3,2.0500000000000007,8.14,Version Difference
SHRIRAMFIN,Mar 2021,11.51,2.65,15.9,11.3,4.390000000000001,8.65,Version Difference
SHRIRAMFIN,Mar 2022,10.43,2.6,15.9,11.3,5.470000000000001,8.700000000000001,Formula Discrepancy
SHRIRAMFIN,Mar 2023,13.84,4.24,15.9,11.3,2.0600000000000005,7.0600000000000005,Version Difference
SHRIRAMFIN,Mar 2024,15.12,4.3,15.9,11.3,0.7800000000000011,7.000000000000001,Version Difference
SIEMENS,Sep 2011,22.75,30.69,19.1,25.6,3.6499999999999986,5.09,Version Difference
SIEMENS,Sep 2014,13.78,2.72,19.1,25.6,5.320000000000002,22.880000000000003,Data Source Issue
SIEMENS,Sep 2015,22.94,19.41,19.1,25.6,3.84,6.190000000000001,Version Difference
SIEMENS,Sep 2016,42.83,14.95,19.1,25.6,23.729999999999997,10.650000000000002,Data Source Issue
SIEMENS,Sep 2017,14.79,13.73,19.1,25.6,4.310000000000002,11.870000000000001,Version Difference
SIEMENS,Sep 2018,10.86,15.99,19.1,25.6,8.240000000000002,9.610000000000001,Formula Discrepancy
SIEMENS,Sep 2019,12.14,16.47,19.1,25.6,6.960000000000001,9.130000000000003,Formula Discrepancy
SIEMENS,Sep 2020,8.1,10.57,19.1,25.6,11.000000000000002,15.030000000000001,Formula Discrepancy
SIEMENS,Sep 2021,10.52,14.03,19.1,25.6,8.580000000000002,11.570000000000002,Formula Discrepancy
SIEMENS,Sep 2022,13.29,15.77,19.1,25.6,5.810000000000002,9.830000000000002,Formula Discrepancy
SIEMENS,Sep 2023,14.99,18.75,19.1,25.6,4.110000000000001,6.850000000000001,Version Difference
SIEMENS,Sep 2024,17.7,19.85,19.1,25.6,1.4000000000000021,5.75,Version Difference
SUNPHARMA,Mar 2013,23.14,31.37,16.7,17.3,6.440000000000001,14.07,Formula Discrepancy
SUNPHARMA,Mar 2014,20.94,33.21,16.7,17.3,4.240000000000002,15.91,Version Difference
SUNPHARMA,Mar 2015,21.36,22.79,16.7,17.3,4.66,5.489999999999998,Version Difference
SUNPHARMA,Mar 2018,6.63,11.56,16.7,17.3,10.07,5.74,Formula Discrepancy
SUNPHARMA,Mar 2019,7.75,12.28,16.7,17.3,8.95,5.020000000000001,Formula Discrepancy
SUNPHARMA,Mar 2020,9.22,13.03,16.7,17.3,7.479999999999999,4.270000000000001,Version Difference
SUNPHARMA,Mar 2021,4.89,16.83,16.7,17.3,11.809999999999999,0.4700000000000024,Version Difference
SUNPHARMA,Mar 2022,7.06,20.81,16.7,17.3,9.64,3.509999999999998,Version Difference
TATACONSUM,Mar 2016,-0.59,4.82,8.32,10.6,8.91,5.779999999999999,Formula Discrepancy
TATAMOTORS,Mar 2013,26.51,26.92,49.4,20.1,22.889999999999997,6.82,Data Source Issue
TATAMOTORS,Mar 2014,21.42,27.61,49.4,20.1,27.979999999999997,7.509999999999998,Data Source Issue
TATAMOTORS,Mar 2015,25.01,30.21,49.4,20.1,24.389999999999997,10.11,Data Source Issue
TATAMOTORS,Mar 2016,14.79,25.89,49.4,20.1,34.61,5.789999999999999,Data Source Issue
TATAMOTORS,Mar 2017,13.02,21.65,49.4,20.1,36.379999999999995,1.5499999999999972,Data Source Issue
TATAMOTORS,Mar 2018,9.53,17.06,49.4,20.1,39.87,3.0400000000000027,Data Source Issue
TATAMOTORS,Mar 2019,-47.73,14.83,49.4,20.1,97.13,5.270000000000001,Data Source Issue
TATAMOTORS,Mar 2020,-18.98,9.57,49.4,20.1,68.38,10.530000000000001,Data Source Issue
TATAMOTORS,Mar 2021,-24.25,16.36,49.4,20.1,73.65,3.740000000000002,Data Source Issue
TATAMOTORS,Mar 2022,-25.38,12.94,49.4,20.1,74.78,7.160000000000002,Data Source Issue
TATAMOTORS,Mar 2023,5.94,17.73,49.4,20.1,43.46,2.370000000000001,Data Source Issue
TATAMOTORS,Mar 2024,37.46,30.98,49.4,20.1,11.939999999999998,10.879999999999999,Formula Discrepancy
TATAPOWER,Mar 2013,1.0,11.14,11.3,11.1,10.3,0.040000000000000924,Version Difference
TATAPOWER,Mar 2014,0.1,13.15,11.3,11.1,11.200000000000001,2.0500000000000007,Version Difference
TATAPOWER,Mar 2015,3.19,11.47,11.3,11.1,8.110000000000001,0.370000000000001,Version Difference
TATAPOWER,Mar 2016,6.76,4.17,11.3,11.1,4.540000000000001,6.93,Version Difference
TATAPOWER,Mar 2018,15.92,3.53,11.3,11.1,4.619999999999999,7.57,Version Difference
TATAPOWER,Mar 2019,14.24,4.6,11.3,11.1,2.9399999999999995,6.5,Version Difference
TATASTEEL,Mar 2013,-21.28,3.86,6.55,7.02,27.830000000000002,3.1599999999999997,Data Source Issue
TATASTEEL,Mar 2014,9.04,13.25,6.55,7.02,2.4899999999999993,6.23,Version Difference
TATASTEEL,Mar 2015,-12.56,3.04,6.55,7.02,19.11,3.9799999999999995,Version Difference
TATASTEEL,Mar 2016,-1.14,-0.5,6.55,7.02,7.6899999999999995,7.52,Formula Discrepancy
TATASTEEL,Mar 2017,-11.02,10.88,6.55,7.02,17.57,3.860000000000001,Version Difference
TATASTEEL,Mar 2018,29.15,14.01,6.55,7.02,22.599999999999998,6.99,Data Source Issue
TATASTEEL,Mar 2019,13.23,17.27,6.55,7.02,6.680000000000001,10.25,Formula Discrepancy
TATASTEEL,Mar 2021,11.03,18.74,6.55,7.02,4.4799999999999995,11.719999999999999,Version Difference
TATASTEEL,Mar 2022,36.48,33.42,6.55,7.02,29.929999999999996,26.400000000000002,Data Source Issue
TATASTEEL,Mar 2023,7.83,17.18,6.55,7.02,1.2800000000000002,10.16,Version Difference
TATASTEEL,Mar 2024,-5.33,12.42,6.55,7.02,11.879999999999999,5.4,Formula Discrepancy
TCS,Mar 2013,36.52,46.4,0.52,64.3,36.0,17.9,Data Source Issue
TCS,Mar 2014,39.3,50.82,0.52,64.3,38.779999999999994,13.479999999999997,Data Source Issue
TCS,Mar 2015,39.62,48.01,0.52,64.3,39.099999999999994,16.29,Data Source Issue
TCS,Mar 2016,34.24,43.01,0.52,64.3,33.72,21.29,Data Source Issue
TCS,Mar 2017,30.57,37.35,0.52,64.3,30.05,26.949999999999996,Data Source Issue
TCS,Mar 2018,30.4,38.09,0.52,64.3,29.88,26.209999999999994,Data Source Issue
TCS,Mar 2019,35.29,44.14,0.52,64.3,34.769999999999996,20.159999999999997,Data Source Issue
TCS,Mar 2020,38.57,45.62,0.52,64.3,38.05,18.68,Data Source Issue
TCS,Mar 2021,37.67,49.4,0.52,64.3,37.15,14.899999999999999,Data Source Issue
TCS,Mar 2022,43.13,54.72,0.52,64.3,42.61,9.579999999999998,Data Source Issue
TCS,Mar 2023,46.78,60.4,0.52,64.3,46.26,3.8999999999999986,Data Source Issue
TCS,Mar 2024,50.94,65.27,0.52,64.3,50.419999999999995,0.9699999999999989,Data Source Issue
TECHM,Mar 2013,24.09,20.89,8.63,11.9,15.459999999999999,8.99,Formula Discrepancy
TECHM,Mar 2014,33.35,43.71,8.63,11.9,24.72,31.810000000000002,Data Source Issue
TECHM,Mar 2015,21.71,32.38,8.63,11.9,13.08,20.480000000000004,Data Source Issue
TECHM,Mar 2016,20.75,27.16,8.63,11.9,12.12,15.26,Formula Discrepancy
TECHM,Mar 2017,17.35,23.5,8.63,11.9,8.72,11.6,Formula Discrepancy
TECHM,Mar 2018,20.09,22.18,8.63,11.9,11.459999999999999,10.28,Formula Discrepancy
TECHM,Mar 2019,21.14,28.15,8.63,11.9,12.51,16.25,Formula Discrepancy
TECHM,Mar 2020,17.87,21.59,8.63,11.9,9.24,9.69,Formula Discrepancy
TECHM,Mar 2021,17.51,24.48,8.63,11.9,8.88,12.58,Formula Discrepancy
TECHM,Mar 2022,20.94,27.18,8.63,11.9,12.31,15.28,Formula Discrepancy
TECHM,Mar 2023,17.39,25.32,8.63,11.9,8.76,13.42,Formula Discrepancy
TITAN,Mar 2013,36.8,51.47,32.9,22.7,3.8999999999999986,28.77,Data Source Issue
TITAN,Mar 2014,29.13,31.44,32.9,22.7,3.7699999999999996,8.740000000000002,Version Difference
TITAN,Mar 2015,26.46,36.21,32.9,22.7,6.439999999999998,13.510000000000002,Formula Discrepancy
TITAN,Mar 2016,19.25,25.94,32.9,22.7,13.649999999999999,3.240000000000002,Version Difference
TITAN,Mar 2017,16.47,19.04,32.9,22.7,16.43,3.66,Version Difference
TITAN,Mar 2018,21.65,24.24,32.9,22.7,11.25,1.5399999999999991,Version Difference
TITAN,Mar 2019,22.88,23.56,32.9,22.7,10.02,0.8599999999999994,Version Difference
TITAN,Mar 2020,22.39,24.07,32.9,22.7,10.509999999999998,1.370000000000001,Version Difference
TITAN,Mar 2021,12.99,13.13,32.9,22.7,19.909999999999997,9.569999999999999,Formula Discrepancy
TITAN,Mar 2022,23.63,20.17,32.9,22.7,9.27,2.5299999999999976,Version Difference
TITAN,Mar 2023,27.63,23.01,32.9,22.7,5.27,0.3100000000000023,Version Difference
TORNTPHARM,Mar 2013,30.59,32.96,24.2,23.2,6.390000000000001,9.760000000000002,Formula Discrepancy
TORNTPHARM,Mar 2014,34.89,31.47,24.2,23.2,10.690000000000001,8.27,Formula Discrepancy
TORNTPHARM,Mar 2015,30.15,19.5,24.2,23.2,5.949999999999999,3.6999999999999993,Version Difference
TORNTPHARM,Mar 2016,49.6,46.75,24.2,23.2,25.400000000000002,23.55,Data Source Issue
TORNTPHARM,Mar 2018,14.67,12.17,24.2,23.2,9.53,11.03,Formula Discrepancy
TORNTPHARM,Mar 2019,9.23,18.42,24.2,23.2,14.969999999999999,4.779999999999998,Version Difference
TORNTPHARM,Mar 2022,13.05,24.25,24.2,23.2,11.149999999999999,1.0500000000000007,Version Difference
TORNTPHARM,Mar 2024,24.15,30.96,24.2,23.2,0.05000000000000071,7.760000000000002,Version Difference
TRENT,Mar 2013,-2.19,0.32,27.2,23.8,29.39,23.48,Data Source Issue
TRENT,Mar 2014,-1.92,-0.76,27.2,23.8,29.119999999999997,24.560000000000002,Data Source Issue
TRENT,Mar 2015,9.07,5.21,27.2,23.8,18.13,18.59,Formula Discrepancy
TRENT,Mar 2016,3.76,4.83,27.2,23.8,23.439999999999998,18.97,Data Source Issue
TRENT,Mar 2017,5.49,6.91,27.2,23.8,21.71,16.89,Data Source Issue
TRENT,Mar 2018,5.45,10.47,27.2,23.8,21.75,13.33,Data Source Issue
TRENT,Mar 2019,5.77,11.26,27.2,23.8,21.43,12.540000000000001,Data Source Issue
TRENT,Mar 2020,4.44,19.68,27.2,23.8,22.759999999999998,4.120000000000001,Data Source Issue
TRENT,Mar 2021,-7.83,4.36,27.2,23.8,35.03,19.44,Data Source Issue
TRENT,Mar 2022,1.48,8.39,27.2,23.8,25.72,15.41,Data Source Issue
TRENT,Mar 2023,15.18,15.78,27.2,23.8,12.02,8.020000000000001,Formula Discrepancy
TRENT,Mar 2024,36.31,33.86,27.2,23.8,9.110000000000003,10.059999999999999,Formula Discrepancy
INDIGO,Mar 2013,17886.36,54207.79,,24.5,,54183.29,Data Source Issue
INDIGO,Mar 2014,10772.73,58065.22,,24.5,,58040.72,Data Source Issue
INDIGO,Mar 2015,4939.39,39546.05,,24.5,,39521.55,Data Source Issue
INDIGO,Mar 2016,1534.78,9443.96,,24.5,,9419.46,Data Source Issue
INDIGO,Mar 2017,1692.86,10908.0,,24.5,,10883.5,Data Source Issue
INDIGO,Mar 2018,2242.0,12981.17,,24.5,,12956.67,Data Source Issue
INDIGO,Mar 2019,120.93,13201.84,,24.5,,13177.34,Data Source Issue
INDIGO,Mar 2020,-138.55,12475.2,,24.5,,12450.7,Data Source Issue
INDIGO,Mar 2021,-1094.15,2554.62,,24.5,,2530.12,Data Source Issue
INDIGO,Mar 2022,-48.77,3832.78,,24.5,,3808.28,Data Source Issue
INDIGO,Mar 2023,-40.8,6074.27,,24.5,,6049.77,Data Source Issue
INDIGO,Mar 2024,892.57,5640.88,,24.5,,5616.38,Data Source Issue
